Arguments: 
  /Users/jeremie/.nvm/versions/node/v9.10.1/bin/node /Users/jeremie/.yarn/bin/yarn.js add axios prompt-async

PATH: 
  /Users/jeremie/.yarn/bin:/Users/jeremie/.config/yarn/global/node_modules/.bin:/Users/jeremie/.nvm/versions/node/v9.10.1/bin:/opt/local/bin:/opt/local/sbin:/Library/Frameworks/Python.framework/Versions/2.7/bin:/usr/local/bin:/usr/bin:/bin:/usr/sbin:/sbin:/opt/X11/bin:/Users/jeremie/.yarn/bin:/Users/jeremie/.config/yarn/global/node_modules/.bin:/opt/local/bin:/opt/local/sbin:/Library/Frameworks/Python.framework/Versions/2.7/bin:/Users/jeremie/Documents/android/sdk/platform-tools:/Users/jeremie/Documents/android/sdk/tools:/Users/jeremie/.nexustools:/Users/jeremie/Documents/android/sdk/platform-tools:/Users/jeremie/Documents/android/sdk/tools:/Users/jeremie/.nexustools

Yarn version: 
  1.15.2

Node version: 
  9.10.1

Platform: 
  darwin x64

Trace: 
  Error: https://registry.yarnpkg.com/axios: ETIMEDOUT
      at Timeout._onTimeout (/Users/jeremie/.yarn/lib/cli.js:130201:19)
      at ontimeout (timers.js:466:11)
      at tryOnTimeout (timers.js:304:5)
      at Timer.listOnTimeout (timers.js:267:5)

npm manifest: 
  {
    "name": "tinder",
    "version": "1.0.0",
    "description": "",
    "main": "index.js",
    "scripts": {
      "test": "echo \"Error: no test specified\" && exit 1"
    },
    "author": "",
    "license": "ISC"
  }

yarn manifest: 
  No manifest

Lockfile: 
  No lockfile
